<?xml version="1.0" encoding="UTF-8"?>
<!-- Generated by org.testng.reporters.JUnitXMLReporter -->
<testsuite ignored="8" hostname="LTIN486613" failures="0" tests="24" name="ChromeTest" time="82.368" errors="0" timestamp="2024-04-01T14:19:03 IST">
  <testcase classname="testCases.TC_001_validateUserInformation" name="the_user_navigated_to_the_cognizant_page" time="5.043"/>
  <testcase classname="testCases.TC_001_validateUserInformation" name="the_user_clicks_on_user_icon" time="3.045"/>
  <testcase classname="testCases.TC_001_validateUserInformation" name="user_can_validate_the_mail_contains_cognizant_com" time="3.846"/>
  <testcase classname="testCases.TC_001_validateUserInformation" name="the_user_close_on_user_icon" time="0.059"/>
  <testcase classname="testCases.TC_002_validate_Headers_and_SubHeaders" name="getHeaders" time="1.33"/>
  <testcase classname="testCases.TC_002_validate_Headers_and_SubHeaders" name="clickCompany" time="0.37"/>
  <testcase classname="testCases.TC_002_validate_Headers_and_SubHeaders" name="clickServicesLines" time="0.331"/>
  <testcase classname="testCases.TC_002_validate_Headers_and_SubHeaders" name="clickSalesResources" time="0.215"/>
  <testcase classname="testCases.TC_002_validate_Headers_and_SubHeaders" name="clickMarketsandCountries" time="0.233"/>
  <testcase classname="testCases.TC_002_validate_Headers_and_SubHeaders" name="clickCorporatefunction" time="0.218"/>
  <testcase classname="testCases.TC_002_validate_Headers_and_SubHeaders" name="clickPeople" time="0.34"/>
  <testcase classname="testCases.TC_003_validate_Ethics_And_Compilance" name="verifyEthicsAndCompliance" time="2.623"/>
  <testcase classname="testCases.TC_004_validate_ResourceLinks" name="navigateEthics" time="2.606"/>
  <testcase classname="testCases.TC_004_validate_ResourceLinks" name="verifyPage" time="0.021"/>
  <testcase classname="testCases.TC_004_validate_ResourceLinks" name="validateHelpline" time="3.646"/>
  <testcase classname="testCases.TC_004_validate_ResourceLinks" name="validateCodeofEthics" time="4.516"/>
  <testcase classname="testCases.TC_004_validate_ResourceLinks" name="validateGlobalCorporatePolicies" time="4.147"/>
  <testcase classname="testCases.TC_004_validate_ResourceLinks" name="validateEthicsandCompliancePolicies" time="3.679"/>
  <testcase classname="testCases.TC_004_validate_ResourceLinks" name="validateEthicsandComplianceAmbassadors" time="3.915"/>
  <testcase classname="testCases.TC_004_validate_ResourceLinks" name="validateEthicsandComplianceProgramOverview" time="4.236"/>
  <testcase classname="testCases.TC_004_validate_ResourceLinks" name="validateEthicsandCompliancePresentation" time="3.806"/>
  <testcase classname="testCases.TC_004_validate_ResourceLinks" name="validateGlobalPrivacy" time="3.912"/>
  <testcase classname="testCases.TC_004_validate_ResourceLinks" name="validateRegulatoryandBUCompilance" time="4.031"/>
  <testcase classname="testCases.TC_005_validate_Ethics_page_information" name="printEthicsInfo" time="0.118"/>
  <testcase classname="testBase.BaseClass" name="@AfterTest tearDown" time="0.0">
    <ignored/>
  </testcase> <!-- @AfterTest tearDown -->
  <testcase classname="testBase.BaseClass" name="@BeforeTest driverSetup" time="0.0">
    <ignored/>
  </testcase> <!-- @BeforeTest driverSetup -->
  <testcase classname="testBase.BaseClass" name="@BeforeTest driverSetup" time="0.0">
    <ignored/>
  </testcase> <!-- @BeforeTest driverSetup -->
  <testcase classname="testBase.BaseClass" name="@BeforeTest driverSetup" time="0.0">
    <ignored/>
  </testcase> <!-- @BeforeTest driverSetup -->
  <testcase classname="testBase.BaseClass" name="@AfterTest tearDown" time="0.0">
    <ignored/>
  </testcase> <!-- @AfterTest tearDown -->
  <testcase classname="testBase.BaseClass" name="@AfterTest tearDown" time="0.0">
    <ignored/>
  </testcase> <!-- @AfterTest tearDown -->
  <testcase classname="testBase.BaseClass" name="@BeforeTest driverSetup" time="0.0">
    <ignored/>
  </testcase> <!-- @BeforeTest driverSetup -->
  <testcase classname="testBase.BaseClass" name="@AfterTest tearDown" time="0.0">
    <ignored/>
  </testcase> <!-- @AfterTest tearDown -->
</testsuite> <!-- ChromeTest -->
