<?xml version="1.0" encoding="UTF-8"?>
<!-- Generated by org.testng.reporters.JUnitXMLReporter -->
<testsuite ignored="8" hostname="LTIN486613" failures="0" tests="24" name="EdgeTest" time="87.863" errors="0" timestamp="2024-04-01T14:20:31 IST">
  <testcase classname="testCases.TC_001_validateUserInformation" name="the_user_navigated_to_the_cognizant_page" time="5.034"/>
  <testcase classname="testCases.TC_001_validateUserInformation" name="the_user_clicks_on_user_icon" time="3.028"/>
  <testcase classname="testCases.TC_001_validateUserInformation" name="user_can_validate_the_mail_contains_cognizant_com" time="9.554"/>
  <testcase classname="testCases.TC_001_validateUserInformation" name="the_user_close_on_user_icon" time="0.029"/>
  <testcase classname="testCases.TC_002_validate_Headers_and_SubHeaders" name="getHeaders" time="0.445"/>
  <testcase classname="testCases.TC_002_validate_Headers_and_SubHeaders" name="clickCompany" time="0.395"/>
  <testcase classname="testCases.TC_002_validate_Headers_and_SubHeaders" name="clickServicesLines" time="0.373"/>
  <testcase classname="testCases.TC_002_validate_Headers_and_SubHeaders" name="clickSalesResources" time="0.242"/>
  <testcase classname="testCases.TC_002_validate_Headers_and_SubHeaders" name="clickMarketsandCountries" time="0.281"/>
  <testcase classname="testCases.TC_002_validate_Headers_and_SubHeaders" name="clickCorporatefunction" time="0.213"/>
  <testcase classname="testCases.TC_002_validate_Headers_and_SubHeaders" name="clickPeople" time="0.376"/>
  <testcase classname="testCases.TC_003_validate_Ethics_And_Compilance" name="verifyEthicsAndCompliance" time="2.611"/>
  <testcase classname="testCases.TC_004_validate_ResourceLinks" name="navigateEthics" time="2.653"/>
  <testcase classname="testCases.TC_004_validate_ResourceLinks" name="verifyPage" time="0.02"/>
  <testcase classname="testCases.TC_004_validate_ResourceLinks" name="validateHelpline" time="3.782"/>
  <testcase classname="testCases.TC_004_validate_ResourceLinks" name="validateCodeofEthics" time="4.24"/>
  <testcase classname="testCases.TC_004_validate_ResourceLinks" name="validateGlobalCorporatePolicies" time="3.971"/>
  <testcase classname="testCases.TC_004_validate_ResourceLinks" name="validateEthicsandCompliancePolicies" time="3.644"/>
  <testcase classname="testCases.TC_004_validate_ResourceLinks" name="validateEthicsandComplianceAmbassadors" time="3.625"/>
  <testcase classname="testCases.TC_004_validate_ResourceLinks" name="validateEthicsandComplianceProgramOverview" time="4.073"/>
  <testcase classname="testCases.TC_004_validate_ResourceLinks" name="validateEthicsandCompliancePresentation" time="3.937"/>
  <testcase classname="testCases.TC_004_validate_ResourceLinks" name="validateGlobalPrivacy" time="4.104"/>
  <testcase classname="testCases.TC_004_validate_ResourceLinks" name="validateRegulatoryandBUCompilance" time="4.094"/>
  <testcase classname="testCases.TC_005_validate_Ethics_page_information" name="printEthicsInfo" time="0.103"/>
  <testcase classname="testBase.BaseClass" name="@BeforeTest driverSetup" time="0.0">
    <ignored/>
  </testcase> <!-- @BeforeTest driverSetup -->
  <testcase classname="testBase.BaseClass" name="@AfterTest tearDown" time="0.0">
    <ignored/>
  </testcase> <!-- @AfterTest tearDown -->
  <testcase classname="testBase.BaseClass" name="@BeforeTest driverSetup" time="0.0">
    <ignored/>
  </testcase> <!-- @BeforeTest driverSetup -->
  <testcase classname="testBase.BaseClass" name="@AfterTest tearDown" time="0.0">
    <ignored/>
  </testcase> <!-- @AfterTest tearDown -->
  <testcase classname="testBase.BaseClass" name="@AfterTest tearDown" time="0.0">
    <ignored/>
  </testcase> <!-- @AfterTest tearDown -->
  <testcase classname="testBase.BaseClass" name="@BeforeTest driverSetup" time="0.0">
    <ignored/>
  </testcase> <!-- @BeforeTest driverSetup -->
  <testcase classname="testBase.BaseClass" name="@BeforeTest driverSetup" time="0.0">
    <ignored/>
  </testcase> <!-- @BeforeTest driverSetup -->
  <testcase classname="testBase.BaseClass" name="@AfterTest tearDown" time="0.0">
    <ignored/>
  </testcase> <!-- @AfterTest tearDown -->
</testsuite> <!-- EdgeTest -->
