<?xml version="1.0" encoding="UTF-8"?>
<testng-results ignored="0" total="48" passed="48" failed="0" skipped="0">
  <reporter-output>
  </reporter-output>
  <suite started-at="2024-04-01T14:17:39 IST" name="Suite" finished-at="2024-04-01T14:20:30 IST" duration-ms="171591">
    <groups>
    </groups>
    <test started-at="2024-04-01T14:17:39 IST" name="ChromeTest" finished-at="2024-04-01T14:19:01 IST" duration-ms="82368">
      <class name="testCases.TC_005_validate_Ethics_page_information">
        <test-method signature="printEthicsInfo()[pri:1, instance:testCases.TC_005_validate_Ethics_page_information@3f4faf53]" started-at="2024-04-01T14:18:50 IST" name="printEthicsInfo" finished-at="2024-04-01T14:18:50 IST" duration-ms="118" status="PASS">
          <reporter-output>
          </reporter-output>
        </test-method> <!-- printEthicsInfo -->
      </class> <!-- testCases.TC_005_validate_Ethics_page_information -->
      <class name="testCases.TC_002_validate_Headers_and_SubHeaders">
        <test-method signature="getHeaders()[pri:1, instance:testCases.TC_002_validate_Headers_and_SubHeaders@1040be71]" started-at="2024-04-01T14:18:00 IST" name="getHeaders" finished-at="2024-04-01T14:18:01 IST" duration-ms="1330" status="PASS">
          <reporter-output>
          </reporter-output>
        </test-method> <!-- getHeaders -->
        <test-method signature="clickCompany()[pri:2, instance:testCases.TC_002_validate_Headers_and_SubHeaders@1040be71]" started-at="2024-04-01T14:18:01 IST" name="clickCompany" finished-at="2024-04-01T14:18:01 IST" duration-ms="370" status="PASS">
          <reporter-output>
          </reporter-output>
        </test-method> <!-- clickCompany -->
        <test-method signature="clickServicesLines()[pri:3, instance:testCases.TC_002_validate_Headers_and_SubHeaders@1040be71]" started-at="2024-04-01T14:18:02 IST" name="clickServicesLines" finished-at="2024-04-01T14:18:02 IST" duration-ms="331" status="PASS">
          <reporter-output>
          </reporter-output>
        </test-method> <!-- clickServicesLines -->
        <test-method signature="clickSalesResources()[pri:4, instance:testCases.TC_002_validate_Headers_and_SubHeaders@1040be71]" started-at="2024-04-01T14:18:02 IST" name="clickSalesResources" finished-at="2024-04-01T14:18:02 IST" duration-ms="215" status="PASS">
          <reporter-output>
          </reporter-output>
        </test-method> <!-- clickSalesResources -->
        <test-method signature="clickMarketsandCountries()[pri:5, instance:testCases.TC_002_validate_Headers_and_SubHeaders@1040be71]" started-at="2024-04-01T14:18:03 IST" name="clickMarketsandCountries" finished-at="2024-04-01T14:18:03 IST" duration-ms="233" status="PASS">
          <reporter-output>
          </reporter-output>
        </test-method> <!-- clickMarketsandCountries -->
        <test-method signature="clickCorporatefunction()[pri:6, instance:testCases.TC_002_validate_Headers_and_SubHeaders@1040be71]" started-at="2024-04-01T14:18:03 IST" name="clickCorporatefunction" finished-at="2024-04-01T14:18:03 IST" duration-ms="218" status="PASS">
          <reporter-output>
          </reporter-output>
        </test-method> <!-- clickCorporatefunction -->
        <test-method signature="clickPeople()[pri:7, instance:testCases.TC_002_validate_Headers_and_SubHeaders@1040be71]" started-at="2024-04-01T14:18:04 IST" name="clickPeople" finished-at="2024-04-01T14:18:04 IST" duration-ms="340" status="PASS">
          <reporter-output>
          </reporter-output>
        </test-method> <!-- clickPeople -->
      </class> <!-- testCases.TC_002_validate_Headers_and_SubHeaders -->
      <class name="testCases.TC_004_validate_ResourceLinks">
        <test-method signature="navigateEthics()[pri:1, instance:testCases.TC_004_validate_ResourceLinks@433defed]" started-at="2024-04-01T14:18:07 IST" name="navigateEthics" finished-at="2024-04-01T14:18:10 IST" duration-ms="2606" status="PASS">
          <reporter-output>
          </reporter-output>
        </test-method> <!-- navigateEthics -->
        <test-method signature="verifyPage()[pri:2, instance:testCases.TC_004_validate_ResourceLinks@433defed]" started-at="2024-04-01T14:18:12 IST" name="verifyPage" finished-at="2024-04-01T14:18:12 IST" duration-ms="21" status="PASS">
          <reporter-output>
          </reporter-output>
        </test-method> <!-- verifyPage -->
        <test-method signature="validateHelpline()[pri:3, instance:testCases.TC_004_validate_ResourceLinks@433defed]" started-at="2024-04-01T14:18:12 IST" name="validateHelpline" finished-at="2024-04-01T14:18:16 IST" depends-on-methods="testCases.TC_004_validate_ResourceLinks.navigateEthics" duration-ms="3646" status="PASS">
          <reporter-output>
          </reporter-output>
        </test-method> <!-- validateHelpline -->
        <test-method signature="validateCodeofEthics()[pri:4, instance:testCases.TC_004_validate_ResourceLinks@433defed]" started-at="2024-04-01T14:18:16 IST" name="validateCodeofEthics" finished-at="2024-04-01T14:18:21 IST" depends-on-methods="testCases.TC_004_validate_ResourceLinks.navigateEthics" duration-ms="4516" status="PASS">
          <reporter-output>
          </reporter-output>
        </test-method> <!-- validateCodeofEthics -->
        <test-method signature="validateGlobalCorporatePolicies()[pri:5, instance:testCases.TC_004_validate_ResourceLinks@433defed]" started-at="2024-04-01T14:18:21 IST" name="validateGlobalCorporatePolicies" finished-at="2024-04-01T14:18:25 IST" depends-on-methods="testCases.TC_004_validate_ResourceLinks.navigateEthics" duration-ms="4147" status="PASS">
          <reporter-output>
          </reporter-output>
        </test-method> <!-- validateGlobalCorporatePolicies -->
        <test-method signature="validateEthicsandCompliancePolicies()[pri:6, instance:testCases.TC_004_validate_ResourceLinks@433defed]" started-at="2024-04-01T14:18:25 IST" name="validateEthicsandCompliancePolicies" finished-at="2024-04-01T14:18:29 IST" depends-on-methods="testCases.TC_004_validate_ResourceLinks.navigateEthics" duration-ms="3679" status="PASS">
          <reporter-output>
          </reporter-output>
        </test-method> <!-- validateEthicsandCompliancePolicies -->
        <test-method signature="validateEthicsandComplianceAmbassadors()[pri:7, instance:testCases.TC_004_validate_ResourceLinks@433defed]" started-at="2024-04-01T14:18:29 IST" name="validateEthicsandComplianceAmbassadors" finished-at="2024-04-01T14:18:33 IST" depends-on-methods="testCases.TC_004_validate_ResourceLinks.navigateEthics" duration-ms="3915" status="PASS">
          <reporter-output>
          </reporter-output>
        </test-method> <!-- validateEthicsandComplianceAmbassadors -->
        <test-method signature="validateEthicsandComplianceProgramOverview()[pri:8, instance:testCases.TC_004_validate_ResourceLinks@433defed]" started-at="2024-04-01T14:18:33 IST" name="validateEthicsandComplianceProgramOverview" finished-at="2024-04-01T14:18:37 IST" depends-on-methods="testCases.TC_004_validate_ResourceLinks.navigateEthics" duration-ms="4236" status="PASS">
          <reporter-output>
          </reporter-output>
        </test-method> <!-- validateEthicsandComplianceProgramOverview -->
        <test-method signature="validateEthicsandCompliancePresentation()[pri:9, instance:testCases.TC_004_validate_ResourceLinks@433defed]" started-at="2024-04-01T14:18:37 IST" name="validateEthicsandCompliancePresentation" finished-at="2024-04-01T14:18:41 IST" depends-on-methods="testCases.TC_004_validate_ResourceLinks.navigateEthics" duration-ms="3806" status="PASS">
          <reporter-output>
          </reporter-output>
        </test-method> <!-- validateEthicsandCompliancePresentation -->
        <test-method signature="validateGlobalPrivacy()[pri:10, instance:testCases.TC_004_validate_ResourceLinks@433defed]" started-at="2024-04-01T14:18:41 IST" name="validateGlobalPrivacy" finished-at="2024-04-01T14:18:45 IST" depends-on-methods="testCases.TC_004_validate_ResourceLinks.navigateEthics" duration-ms="3912" status="PASS">
          <reporter-output>
          </reporter-output>
        </test-method> <!-- validateGlobalPrivacy -->
        <test-method signature="validateRegulatoryandBUCompilance()[pri:11, instance:testCases.TC_004_validate_ResourceLinks@433defed]" started-at="2024-04-01T14:18:46 IST" name="validateRegulatoryandBUCompilance" finished-at="2024-04-01T14:18:50 IST" depends-on-methods="testCases.TC_004_validate_ResourceLinks.navigateEthics" duration-ms="4031" status="PASS">
          <reporter-output>
          </reporter-output>
        </test-method> <!-- validateRegulatoryandBUCompilance -->
      </class> <!-- testCases.TC_004_validate_ResourceLinks -->
      <class name="testCases.TC_003_validate_Ethics_And_Compilance">
        <test-method signature="verifyEthicsAndCompliance()[pri:1, instance:testCases.TC_003_validate_Ethics_And_Compilance@548a24a]" started-at="2024-04-01T14:18:04 IST" name="verifyEthicsAndCompliance" finished-at="2024-04-01T14:18:07 IST" duration-ms="2623" status="PASS">
          <reporter-output>
          </reporter-output>
        </test-method> <!-- verifyEthicsAndCompliance -->
      </class> <!-- testCases.TC_003_validate_Ethics_And_Compilance -->
      <class name="testCases.TC_001_validateUserInformation">
        <test-method is-config="true" signature="driverSetup(java.lang.String)[pri:0, instance:testCases.TC_001_validateUserInformation@73eb439a]" started-at="2024-04-01T14:17:39 IST" name="driverSetup" finished-at="2024-04-01T14:17:46 IST" duration-ms="7112" status="PASS">
          <params>
            <param index="0">
              <value>
                <![CDATA[Chrome]]>
              </value>
            </param>
          </params>
          <reporter-output>
          </reporter-output>
        </test-method> <!-- driverSetup -->
        <test-method signature="the_user_navigated_to_the_cognizant_page()[pri:1, instance:testCases.TC_001_validateUserInformation@73eb439a]" started-at="2024-04-01T14:17:46 IST" name="the_user_navigated_to_the_cognizant_page" finished-at="2024-04-01T14:17:51 IST" duration-ms="5043" status="PASS">
          <reporter-output>
          </reporter-output>
        </test-method> <!-- the_user_navigated_to_the_cognizant_page -->
        <test-method signature="the_user_clicks_on_user_icon()[pri:2, instance:testCases.TC_001_validateUserInformation@73eb439a]" started-at="2024-04-01T14:17:52 IST" name="the_user_clicks_on_user_icon" finished-at="2024-04-01T14:17:55 IST" depends-on-methods="testCases.TC_001_validateUserInformation.the_user_navigated_to_the_cognizant_page" duration-ms="3045" status="PASS">
          <reporter-output>
          </reporter-output>
        </test-method> <!-- the_user_clicks_on_user_icon -->
        <test-method signature="user_can_validate_the_mail_contains_cognizant_com()[pri:3, instance:testCases.TC_001_validateUserInformation@73eb439a]" started-at="2024-04-01T14:17:55 IST" name="user_can_validate_the_mail_contains_cognizant_com" finished-at="2024-04-01T14:17:59 IST" depends-on-methods="testCases.TC_001_validateUserInformation.the_user_clicks_on_user_icon" duration-ms="3846" status="PASS">
          <reporter-output>
          </reporter-output>
        </test-method> <!-- user_can_validate_the_mail_contains_cognizant_com -->
        <test-method signature="the_user_close_on_user_icon()[pri:4, instance:testCases.TC_001_validateUserInformation@73eb439a]" started-at="2024-04-01T14:17:59 IST" name="the_user_close_on_user_icon" finished-at="2024-04-01T14:17:59 IST" depends-on-methods="testCases.TC_001_validateUserInformation.the_user_clicks_on_user_icon" duration-ms="59" status="PASS">
          <reporter-output>
          </reporter-output>
        </test-method> <!-- the_user_close_on_user_icon -->
        <test-method is-config="true" signature="tearDown()[pri:0, instance:testCases.TC_001_validateUserInformation@73eb439a]" started-at="2024-04-01T14:18:50 IST" name="tearDown" finished-at="2024-04-01T14:19:01 IST" duration-ms="11286" status="PASS">
          <reporter-output>
          </reporter-output>
        </test-method> <!-- tearDown -->
      </class> <!-- testCases.TC_001_validateUserInformation -->
    </test> <!-- ChromeTest -->
    <test started-at="2024-04-01T14:19:03 IST" name="EdgeTest" finished-at="2024-04-01T14:20:30 IST" duration-ms="87863">
      <class name="testCases.TC_005_validate_Ethics_page_information">
        <test-method signature="printEthicsInfo()[pri:1, instance:testCases.TC_005_validate_Ethics_page_information@69c81773]" started-at="2024-04-01T14:20:19 IST" name="printEthicsInfo" finished-at="2024-04-01T14:20:19 IST" duration-ms="103" status="PASS">
          <reporter-output>
          </reporter-output>
        </test-method> <!-- printEthicsInfo -->
      </class> <!-- testCases.TC_005_validate_Ethics_page_information -->
      <class name="testCases.TC_002_validate_Headers_and_SubHeaders">
        <test-method signature="getHeaders()[pri:1, instance:testCases.TC_002_validate_Headers_and_SubHeaders@55de24cc]" started-at="2024-04-01T14:19:30 IST" name="getHeaders" finished-at="2024-04-01T14:19:30 IST" duration-ms="445" status="PASS">
          <reporter-output>
          </reporter-output>
        </test-method> <!-- getHeaders -->
        <test-method signature="clickCompany()[pri:2, instance:testCases.TC_002_validate_Headers_and_SubHeaders@55de24cc]" started-at="2024-04-01T14:19:30 IST" name="clickCompany" finished-at="2024-04-01T14:19:31 IST" duration-ms="395" status="PASS">
          <reporter-output>
          </reporter-output>
        </test-method> <!-- clickCompany -->
        <test-method signature="clickServicesLines()[pri:3, instance:testCases.TC_002_validate_Headers_and_SubHeaders@55de24cc]" started-at="2024-04-01T14:19:31 IST" name="clickServicesLines" finished-at="2024-04-01T14:19:31 IST" duration-ms="373" status="PASS">
          <reporter-output>
          </reporter-output>
        </test-method> <!-- clickServicesLines -->
        <test-method signature="clickSalesResources()[pri:4, instance:testCases.TC_002_validate_Headers_and_SubHeaders@55de24cc]" started-at="2024-04-01T14:19:32 IST" name="clickSalesResources" finished-at="2024-04-01T14:19:32 IST" duration-ms="242" status="PASS">
          <reporter-output>
          </reporter-output>
        </test-method> <!-- clickSalesResources -->
        <test-method signature="clickMarketsandCountries()[pri:5, instance:testCases.TC_002_validate_Headers_and_SubHeaders@55de24cc]" started-at="2024-04-01T14:19:32 IST" name="clickMarketsandCountries" finished-at="2024-04-01T14:19:32 IST" duration-ms="281" status="PASS">
          <reporter-output>
          </reporter-output>
        </test-method> <!-- clickMarketsandCountries -->
        <test-method signature="clickCorporatefunction()[pri:6, instance:testCases.TC_002_validate_Headers_and_SubHeaders@55de24cc]" started-at="2024-04-01T14:19:33 IST" name="clickCorporatefunction" finished-at="2024-04-01T14:19:33 IST" duration-ms="213" status="PASS">
          <reporter-output>
          </reporter-output>
        </test-method> <!-- clickCorporatefunction -->
        <test-method signature="clickPeople()[pri:7, instance:testCases.TC_002_validate_Headers_and_SubHeaders@55de24cc]" started-at="2024-04-01T14:19:33 IST" name="clickPeople" finished-at="2024-04-01T14:19:34 IST" duration-ms="376" status="PASS">
          <reporter-output>
          </reporter-output>
        </test-method> <!-- clickPeople -->
      </class> <!-- testCases.TC_002_validate_Headers_and_SubHeaders -->
      <class name="testCases.TC_004_validate_ResourceLinks">
        <test-method signature="navigateEthics()[pri:1, instance:testCases.TC_004_validate_ResourceLinks@30f842ca]" started-at="2024-04-01T14:19:37 IST" name="navigateEthics" finished-at="2024-04-01T14:19:40 IST" duration-ms="2653" status="PASS">
          <reporter-output>
          </reporter-output>
        </test-method> <!-- navigateEthics -->
        <test-method signature="verifyPage()[pri:2, instance:testCases.TC_004_validate_ResourceLinks@30f842ca]" started-at="2024-04-01T14:19:42 IST" name="verifyPage" finished-at="2024-04-01T14:19:42 IST" duration-ms="20" status="PASS">
          <reporter-output>
          </reporter-output>
        </test-method> <!-- verifyPage -->
        <test-method signature="validateHelpline()[pri:3, instance:testCases.TC_004_validate_ResourceLinks@30f842ca]" started-at="2024-04-01T14:19:42 IST" name="validateHelpline" finished-at="2024-04-01T14:19:46 IST" depends-on-methods="testCases.TC_004_validate_ResourceLinks.navigateEthics" duration-ms="3782" status="PASS">
          <reporter-output>
          </reporter-output>
        </test-method> <!-- validateHelpline -->
        <test-method signature="validateCodeofEthics()[pri:4, instance:testCases.TC_004_validate_ResourceLinks@30f842ca]" started-at="2024-04-01T14:19:46 IST" name="validateCodeofEthics" finished-at="2024-04-01T14:19:50 IST" depends-on-methods="testCases.TC_004_validate_ResourceLinks.navigateEthics" duration-ms="4240" status="PASS">
          <reporter-output>
          </reporter-output>
        </test-method> <!-- validateCodeofEthics -->
        <test-method signature="validateGlobalCorporatePolicies()[pri:5, instance:testCases.TC_004_validate_ResourceLinks@30f842ca]" started-at="2024-04-01T14:19:50 IST" name="validateGlobalCorporatePolicies" finished-at="2024-04-01T14:19:54 IST" depends-on-methods="testCases.TC_004_validate_ResourceLinks.navigateEthics" duration-ms="3971" status="PASS">
          <reporter-output>
          </reporter-output>
        </test-method> <!-- validateGlobalCorporatePolicies -->
        <test-method signature="validateEthicsandCompliancePolicies()[pri:6, instance:testCases.TC_004_validate_ResourceLinks@30f842ca]" started-at="2024-04-01T14:19:54 IST" name="validateEthicsandCompliancePolicies" finished-at="2024-04-01T14:19:58 IST" depends-on-methods="testCases.TC_004_validate_ResourceLinks.navigateEthics" duration-ms="3644" status="PASS">
          <reporter-output>
          </reporter-output>
        </test-method> <!-- validateEthicsandCompliancePolicies -->
        <test-method signature="validateEthicsandComplianceAmbassadors()[pri:7, instance:testCases.TC_004_validate_ResourceLinks@30f842ca]" started-at="2024-04-01T14:19:58 IST" name="validateEthicsandComplianceAmbassadors" finished-at="2024-04-01T14:20:02 IST" depends-on-methods="testCases.TC_004_validate_ResourceLinks.navigateEthics" duration-ms="3625" status="PASS">
          <reporter-output>
          </reporter-output>
        </test-method> <!-- validateEthicsandComplianceAmbassadors -->
        <test-method signature="validateEthicsandComplianceProgramOverview()[pri:8, instance:testCases.TC_004_validate_ResourceLinks@30f842ca]" started-at="2024-04-01T14:20:02 IST" name="validateEthicsandComplianceProgramOverview" finished-at="2024-04-01T14:20:06 IST" depends-on-methods="testCases.TC_004_validate_ResourceLinks.navigateEthics" duration-ms="4073" status="PASS">
          <reporter-output>
          </reporter-output>
        </test-method> <!-- validateEthicsandComplianceProgramOverview -->
        <test-method signature="validateEthicsandCompliancePresentation()[pri:9, instance:testCases.TC_004_validate_ResourceLinks@30f842ca]" started-at="2024-04-01T14:20:06 IST" name="validateEthicsandCompliancePresentation" finished-at="2024-04-01T14:20:10 IST" depends-on-methods="testCases.TC_004_validate_ResourceLinks.navigateEthics" duration-ms="3937" status="PASS">
          <reporter-output>
          </reporter-output>
        </test-method> <!-- validateEthicsandCompliancePresentation -->
        <test-method signature="validateGlobalPrivacy()[pri:10, instance:testCases.TC_004_validate_ResourceLinks@30f842ca]" started-at="2024-04-01T14:20:10 IST" name="validateGlobalPrivacy" finished-at="2024-04-01T14:20:14 IST" depends-on-methods="testCases.TC_004_validate_ResourceLinks.navigateEthics" duration-ms="4104" status="PASS">
          <reporter-output>
          </reporter-output>
        </test-method> <!-- validateGlobalPrivacy -->
        <test-method signature="validateRegulatoryandBUCompilance()[pri:11, instance:testCases.TC_004_validate_ResourceLinks@30f842ca]" started-at="2024-04-01T14:20:15 IST" name="validateRegulatoryandBUCompilance" finished-at="2024-04-01T14:20:19 IST" depends-on-methods="testCases.TC_004_validate_ResourceLinks.navigateEthics" duration-ms="4094" status="PASS">
          <reporter-output>
          </reporter-output>
        </test-method> <!-- validateRegulatoryandBUCompilance -->
      </class> <!-- testCases.TC_004_validate_ResourceLinks -->
      <class name="testCases.TC_003_validate_Ethics_And_Compilance">
        <test-method signature="verifyEthicsAndCompliance()[pri:1, instance:testCases.TC_003_validate_Ethics_And_Compilance@dc7df28]" started-at="2024-04-01T14:19:34 IST" name="verifyEthicsAndCompliance" finished-at="2024-04-01T14:19:37 IST" duration-ms="2611" status="PASS">
          <reporter-output>
          </reporter-output>
        </test-method> <!-- verifyEthicsAndCompliance -->
      </class> <!-- testCases.TC_003_validate_Ethics_And_Compilance -->
      <class name="testCases.TC_001_validateUserInformation">
        <test-method is-config="true" signature="driverSetup(java.lang.String)[pri:0, instance:testCases.TC_001_validateUserInformation@333d4a8c]" started-at="2024-04-01T14:19:03 IST" name="driverSetup" finished-at="2024-04-01T14:19:11 IST" duration-ms="8434" status="PASS">
          <params>
            <param index="0">
              <value>
                <![CDATA[Edge]]>
              </value>
            </param>
          </params>
          <reporter-output>
          </reporter-output>
        </test-method> <!-- driverSetup -->
        <test-method signature="the_user_navigated_to_the_cognizant_page()[pri:1, instance:testCases.TC_001_validateUserInformation@333d4a8c]" started-at="2024-04-01T14:19:11 IST" name="the_user_navigated_to_the_cognizant_page" finished-at="2024-04-01T14:19:16 IST" duration-ms="5034" status="PASS">
          <reporter-output>
          </reporter-output>
        </test-method> <!-- the_user_navigated_to_the_cognizant_page -->
        <test-method signature="the_user_clicks_on_user_icon()[pri:2, instance:testCases.TC_001_validateUserInformation@333d4a8c]" started-at="2024-04-01T14:19:16 IST" name="the_user_clicks_on_user_icon" finished-at="2024-04-01T14:19:19 IST" depends-on-methods="testCases.TC_001_validateUserInformation.the_user_navigated_to_the_cognizant_page" duration-ms="3028" status="PASS">
          <reporter-output>
          </reporter-output>
        </test-method> <!-- the_user_clicks_on_user_icon -->
        <test-method signature="user_can_validate_the_mail_contains_cognizant_com()[pri:3, instance:testCases.TC_001_validateUserInformation@333d4a8c]" started-at="2024-04-01T14:19:20 IST" name="user_can_validate_the_mail_contains_cognizant_com" finished-at="2024-04-01T14:19:29 IST" depends-on-methods="testCases.TC_001_validateUserInformation.the_user_clicks_on_user_icon" duration-ms="9554" status="PASS">
          <reporter-output>
          </reporter-output>
        </test-method> <!-- user_can_validate_the_mail_contains_cognizant_com -->
        <test-method signature="the_user_close_on_user_icon()[pri:4, instance:testCases.TC_001_validateUserInformation@333d4a8c]" started-at="2024-04-01T14:19:29 IST" name="the_user_close_on_user_icon" finished-at="2024-04-01T14:19:29 IST" depends-on-methods="testCases.TC_001_validateUserInformation.the_user_clicks_on_user_icon" duration-ms="29" status="PASS">
          <reporter-output>
          </reporter-output>
        </test-method> <!-- the_user_close_on_user_icon -->
        <test-method is-config="true" signature="tearDown()[pri:0, instance:testCases.TC_001_validateUserInformation@333d4a8c]" started-at="2024-04-01T14:20:19 IST" name="tearDown" finished-at="2024-04-01T14:20:30 IST" duration-ms="11275" status="PASS">
          <reporter-output>
          </reporter-output>
        </test-method> <!-- tearDown -->
      </class> <!-- testCases.TC_001_validateUserInformation -->
    </test> <!-- EdgeTest -->
  </suite> <!-- Suite -->
</testng-results>
